*** Starting uWSGI 1.4.4 (64bit) on [Fri Jan 25 11:05:05 2013] ***
compiled with version: 4.7.1 20120723 [gcc-4_7-branch revision 189773] on 25 January 2013 10:31:58
os: Linux-3.4.11-2.16-desktop #1 SMP PREEMPT Wed Sep 26 17:05:00 UTC 2012 (259fc87)
nodename: cloudbeer-niux
machine: x86_64
clock source: unix
detected number of CPU cores: 2
current working directory: /home/cloudbeer/projects/zp-store
detected binary path: /usr/local/bin/uwsgi
uWSGI running as root, you can use --uid/--gid/--chroot options
*** WARNING: you are running uWSGI as root !!! (use the --uid flag) *** 
*** WARNING: you are running uWSGI without its master process manager ***
your processes number limit is 19563
your memory page size is 4096 bytes
detected max file descriptor number: 1024
lock engine: pthread robust mutexes
uwsgi socket 0 bound to TCP address 127.0.0.1:9090 fd 3
Python version: 2.7.3 (default, Apr 14 2012, 08:58:41) [GCC]
*** Python threads support is disabled. You can enable it with --enable-threads ***
Python main interpreter initialized at 0x13270b0
your server socket listen backlog is limited to 100 connections
mapped 72392 bytes (70 KB) for 1 cores
*** Operational MODE: single process ***
WSGI app 0 (mountpoint='') ready in 0 seconds on interpreter 0x13270b0 pid: 5341 (default app)
*** uWSGI is running in multiple interpreter mode ***
spawned uWSGI worker 1 (and the only) (pid: 5341, cores: 1)
AttributeError: application instance has no __call__ method
[pid: 5341|app: 0|req: 1/1] 127.0.0.1 () {40 vars in 669 bytes} [Fri Jan 25 11:05:45 2013] GET / => generated 0 bytes in 0 msecs (HTTP/1.1 500) 0 headers in 0 bytes (0 switches on core 0)
AttributeError: application instance has no __call__ method
[pid: 5341|app: 0|req: 2/2] 127.0.0.1 () {38 vars in 576 bytes} [Fri Jan 25 11:05:46 2013] GET /favicon.ico => generated 0 bytes in 0 msecs (HTTP/1.1 500) 0 headers in 0 bytes (0 switches on core 0)
AttributeError: application instance has no __call__ method
[pid: 5341|app: 0|req: 3/3] 127.0.0.1 () {40 vars in 645 bytes} [Fri Jan 25 11:05:47 2013] GET / => generated 0 bytes in 0 msecs (HTTP/1.1 500) 0 headers in 0 bytes (0 switches on core 0)
AttributeError: application instance has no __call__ method
[pid: 5341|app: 0|req: 4/4] 127.0.0.1 () {38 vars in 576 bytes} [Fri Jan 25 11:05:47 2013] GET /favicon.ico => generated 0 bytes in 0 msecs (HTTP/1.1 500) 0 headers in 0 bytes (0 switches on core 0)
invalid request block size: 21573 (max 4096)...skip
Fri Jan 25 11:07:11 2013 - error parsing request
AttributeError: application instance has no __call__ method
[pid: 5341|app: 0|req: 5/5] 127.0.0.1 () {38 vars in 614 bytes} [Fri Jan 25 11:07:17 2013] GET / => generated 0 bytes in 0 msecs (HTTP/1.1 500) 0 headers in 0 bytes (0 switches on core 0)
AttributeError: application instance has no __call__ method
[pid: 5341|app: 0|req: 6/6] 127.0.0.1 () {38 vars in 576 bytes} [Fri Jan 25 11:07:17 2013] GET /favicon.ico => generated 0 bytes in 0 msecs (HTTP/1.1 500) 0 headers in 0 bytes (0 switches on core 0)
